[2015.08.14-01.53.15:841][  0]Log file open, 08/13/15 21:53:15
[2015.08.14-01.53.15:841][  0]LogInit:Display: Running engine for game: GenericShooterSampleProje
[2015.08.14-01.53.15:841][  0]LogInit:Display: RandInit(-165280619) SRandInit(-165280618).
[2015.08.14-01.53.15:841][  0]LogTaskGraph: Started task graph with 4 named threads and 7 total threads.
[2015.08.14-01.53.15:841][  0]LogStats: Stats thread started
[2015.08.14-01.53.15:841][  0]LogInit: Version: 4.8.3-2634408+++depot+UE4-Releases+4.8
[2015.08.14-01.53.15:841][  0]LogInit: API Version: 2579680
[2015.08.14-01.53.15:841][  0]LogInit: Compiled (64-bit): Jul 27 2015 16:24:33
[2015.08.14-01.53.15:841][  0]LogInit: Compiled with Visual C++: 18.00.21005.01
[2015.08.14-01.53.15:841][  0]LogInit: Build Configuration: Development
[2015.08.14-01.53.15:841][  0]LogInit: Branch Name: ++depot+UE4-Releases+4.8
[2015.08.14-01.53.15:841][  0]LogInit: Command line:  
[2015.08.14-01.53.15:841][  0]LogInit: Base directory: C:/Program Files/Epic Games/4.8/Engine/Binaries/Win64/
[2015.08.14-01.53.15:841][  0]LogInit: Rocket: 1
[2015.08.14-01.53.15:855][  0]LogInit: Using libcurl 7.41.0
[2015.08.14-01.53.15:855][  0]LogInit:  - built for x86_64-pc-win32
[2015.08.14-01.53.15:855][  0]LogInit:  - supports SSL with WinSSL
[2015.08.14-01.53.15:855][  0]LogInit:  - other features:
[2015.08.14-01.53.15:855][  0]LogInit:      CURL_VERSION_SSL
[2015.08.14-01.53.15:855][  0]LogInit:      CURL_VERSION_IPV6
[2015.08.14-01.53.15:855][  0]LogInit:      CURL_VERSION_ASYNCHDNS
[2015.08.14-01.53.15:855][  0]LogInit:      CURL_VERSION_LARGEFILE
[2015.08.14-01.53.15:855][  0]LogInit:      CURL_VERSION_IDN
[2015.08.14-01.53.15:855][  0]LogInit:  CurlRequestOptions (configurable via config and command line):
[2015.08.14-01.53.15:855][  0]LogInit:  - bVerifyPeer = true  - Libcurl will verify peer certificate
[2015.08.14-01.53.15:855][  0]LogInit:  - bUseHttpProxy = false  - Libcurl will NOT use HTTP proxy
[2015.08.14-01.53.15:855][  0]LogInit:  - bDontReuseConnections = false  - Libcurl will reuse connections
[2015.08.14-01.53.15:855][  0]LogInit:  - CertBundlePath = nullptr  - Libcurl will use whatever was configured at build time.
[2015.08.14-01.53.15:906][  0]LogInit: WinSock: version 1.1 (2.2), MaxSocks=32767, MaxUdp=65467
[2015.08.14-01.53.15:921][  0]LogVoice:Warning: Failed to initialize voice interface
[2015.08.14-01.53.15:936][  0]LogInit: Presizing for 0 objects not considered by GC, pre-allocating 0 bytes.
[2015.08.14-01.53.15:945][  0]LogInit: Object subsystem initialized
[2015.08.14-01.53.15:946][  0]LogConsoleResponse:Warning: Skipping Unknown console variable: 'TranslucentSortAxis = (X=0.000000,Y=-1.000000,Z=0.000000)'
[2015.08.14-01.53.15:946][  0]LogConsoleResponse:Warning:   Found in ini file 'C:/Users/Joey/Desktop/rava/NEW_RAVANNA_REPO/GAME_FILES/GenericShooterSampleProje/Saved/Config/Windows/Engine.ini', in section '[/Script/Engine.RendererSettings]'
[2015.08.14-01.53.15:946][  0]LogConsoleResponse:Warning: Skipping Unknown console variable: 'UIScaleRule = ShortestSide'
[2015.08.14-01.53.15:946][  0]LogConsoleResponse:Warning:   Found in ini file 'C:/Users/Joey/Desktop/rava/NEW_RAVANNA_REPO/GAME_FILES/GenericShooterSampleProje/Saved/Config/Windows/Engine.ini', in section '[/Script/Engine.RendererSettings]'
[2015.08.14-01.53.15:946][  0]LogConsoleResponse:Warning: Skipping Unknown console variable: 'UIScaleCurve = (EditorCurveData=(Keys=),ExternalCurve=None)'
[2015.08.14-01.53.15:946][  0]LogConsoleResponse:Warning:   Found in ini file 'C:/Users/Joey/Desktop/rava/NEW_RAVANNA_REPO/GAME_FILES/GenericShooterSampleProje/Saved/Config/Windows/Engine.ini', in section '[/Script/Engine.RendererSettings]'
[2015.08.14-01.53.15:980][  0]LogInit: Selected Device Profile: [Windows]
[2015.08.14-01.53.15:980][  0]LogInit: Applying CVar settings loaded from the selected device profile: [Windows]
[2015.08.14-01.53.16:009][  0]LogInit: Computer: JOEY-PC
[2015.08.14-01.53.16:009][  0]LogInit: User: Joey
[2015.08.14-01.53.16:009][  0]LogInit: CPU Page size=4096, Cores=4
[2015.08.14-01.53.16:009][  0]LogInit: High frequency timer resolution =2.857255 MHz
[2015.08.14-01.53.16:009][  0]LogMemory: Memory total: Physical=7.9GB (8GB approx)
[2015.08.14-01.53.16:009][  0]LogMemory: Platform Memory Stats for Windows
[2015.08.14-01.53.16:009][  0]LogMemory: Process Physical Memory: 53.48 MB used, 53.48 MB peak
[2015.08.14-01.53.16:009][  0]LogMemory: Process Virtual Memory: 25.27 MB used, 25.27 MB peak
[2015.08.14-01.53.16:009][  0]LogMemory: Physical Memory: 3609.42 MB used, 8126.52 MB total
[2015.08.14-01.53.16:009][  0]LogMemory: Virtual Memory: 294.38 MB used, 8388608.00 MB total
[2015.08.14-01.53.16:092][  0]LogTextLocalizationManager: The requested culture ('en_US') has no localization data; parent culture's ('en') localization data will be used.
[2015.08.14-01.53.16:334][  0]LogTextLocalizationManager:Warning: Loaded localization resources contain conflicting entries for (Namespace:ContentBrowser, Key:ImportAssetToolTip):
Localization Resource: (C:/Program Files/Epic Games/4.8/Engine/Content/Localization/Editor/en/Editor.locres) Source String Hash: (-630476809) Localized String: (Import to {0}...)
Localization Resource: (C:/Program Files/Epic Games/4.8/Engine/Content/Localization/Editor/en/Editor.locres) Source String Hash: (1271782899) Localized String: (Imports an asset from file to this folder.)
[2015.08.14-01.53.16:919][  0]LogD3D11RHI:Error: Failed to choose a D3D11 Adapter.
[2015.08.14-01.53.19:526][  0]LogWindows: FPlatformMisc::RequestExit(1)
[2015.08.14-01.53.19:551][  0]Log file closed, 08/13/15 21:53:19
